This is pdfTeX, Version 3.141592653-2.6-1.40.26 (MiKTeX 24.4) (preloaded format=pdflatex 2024.9.8)  22 SEP 2024 15:07
entering extended mode
 \write18 enabled.
 file:line:error style messages enabled.
 %&-line parsing enabled.
**d:/Denoising-Manuscript/_manuscript/_tex/index.tex
(d:/Denoising-Manuscript/_manuscript/_tex/index.tex
LaTeX2e <2024-06-01> patch level 2
L3 programming layer <2024-08-16>
(agujournal2019.cls
Document Class: agujournal2019 01/14/2019
(C:\Users\SIJUKSWAMY\AppData\Local\Programs\MKTeX\tex/latex/graphics\graphicx.sty
Package: graphicx 2021/09/16 v1.2d Enhanced LaTeX Graphics (DPC,SPQR)
 (C:\Users\SIJUKSWAMY\AppData\Local\Programs\MKTeX\tex/latex/graphics\keyval.sty
Package: keyval 2022/05/29 v1.15 key=value parser (DPC)
\KV@toks@=\toks17
) (C:\Users\SIJUKSWAMY\AppData\Local\Programs\MKTeX\tex/latex/graphics\graphics.sty
Package: graphics 2024/05/23 v1.4g Standard LaTeX Graphics (DPC,SPQR)
 (C:\Users\SIJUKSWAMY\AppData\Local\Programs\MKTeX\tex/latex/graphics\trig.sty
Package: trig 2023/12/02 v1.11 sin cos tan (DPC)
) (C:\Users\SIJUKSWAMY\AppData\Local\Programs\MKTeX\tex/latex/graphics-cfg\graphics.cfg
File: graphics.cfg 2016/06/04 v1.11 sample graphics configuration
)
Package graphics Info: Driver file: pdftex.def on input line 106.
 (C:\Users\SIJUKSWAMY\AppData\Local\Programs\MKTeX\tex/latex/graphics-def\pdftex.def
File: pdftex.def 2024/04/13 v1.2c Graphics/color driver for pdftex
))
\Gin@req@height=\dimen141
\Gin@req@width=\dimen142
) (C:\Users\SIJUKSWAMY\AppData\Local\Programs\MKTeX\tex/latex/xcolor\xcolor.sty
Package: xcolor 2023/11/15 v3.01 LaTeX color extensions (UK)
 (C:\Users\SIJUKSWAMY\AppData\Local\Programs\MKTeX\tex/latex/graphics-cfg\color.cfg
File: color.cfg 2016/01/02 v1.6 sample color configuration
)
Package xcolor Info: Driver file: pdftex.def on input line 274.
 (C:\Users\SIJUKSWAMY\AppData\Local\Programs\MKTeX\tex/latex/graphics\mathcolor.ltx)
Package xcolor Info: Model `cmy' substituted by `cmy0' on input line 1350.
Package xcolor Info: Model `hsb' substituted by `rgb' on input line 1354.
Package xcolor Info: Model `RGB' extended on input line 1366.
Package xcolor Info: Model `HTML' substituted by `rgb' on input line 1368.
Package xcolor Info: Model `Hsb' substituted by `hsb' on input line 1369.
Package xcolor Info: Model `tHsb' substituted by `hsb' on input line 1370.
Package xcolor Info: Model `HSB' substituted by `hsb' on input line 1371.
Package xcolor Info: Model `Gray' substituted by `gray' on input line 1372.
Package xcolor Info: Model `wave' substituted by `hsb' on input line 1373.
) (C:\Users\SIJUKSWAMY\AppData\Local\Programs\MKTeX\tex/latex/graphics\dvipsnam.def
File: dvipsnam.def 2016/06/17 v3.0m Driver-dependent file (DPC,SPQR)
) (C:\Users\SIJUKSWAMY\AppData\Local\Programs\MKTeX\tex/latex/xcolor\svgnam.def
File: svgnam.def 2023/11/15 v3.01 Predefined colors according to SVG 1.1 (UK)
) (C:\Users\SIJUKSWAMY\AppData\Local\Programs\MKTeX\tex/latex/xcolor\x11nam.def
File: x11nam.def 2023/11/15 v3.01 Predefined colors according to Unix/X11 (UK)
) (C:\Users\SIJUKSWAMY\AppData\Local\Programs\MKTeX\tex/latex/url\url.sty
\Urlmuskip=\muskip17
Package: url 2013/09/16  ver 3.4  Verb mode for urls, etc.
) (C:\Users\SIJUKSWAMY\AppData\Local\Programs\MKTeX\tex/latex/lineno\lineno.sty
Package: lineno 2023/05/20 line numbers on paragraphs v5.3
 (C:\Users\SIJUKSWAMY\AppData\Local\Programs\MKTeX\tex/latex/etoolbox\etoolbox.sty
Package: etoolbox 2020/10/05 v2.5k e-TeX tools for LaTeX (JAW)
\etb@tempcnta=\count194
) (C:\Users\SIJUKSWAMY\AppData\Local\Programs\MKTeX\tex/latex/kvoptions\kvoptions.sty
Package: kvoptions 2022-06-15 v3.15 Key value format for package options (HO)
 (C:\Users\SIJUKSWAMY\AppData\Local\Programs\MKTeX\tex/generic/ltxcmds\ltxcmds.sty
Package: ltxcmds 2023-12-04 v1.26 LaTeX kernel commands for general use (HO)
) (C:\Users\SIJUKSWAMY\AppData\Local\Programs\MKTeX\tex/latex/kvsetkeys\kvsetkeys.sty
Package: kvsetkeys 2022-10-05 v1.19 Key value parser (HO)
))
\linenopenalty=\count195
\output=\toks18
\linenoprevgraf=\count196
\linenumbersep=\dimen143
\linenumberwidth=\dimen144
\c@linenumber=\count197
\c@pagewiselinenumber=\count198
\c@LN@truepage=\count199
\c@internallinenumber=\count266
\c@internallinenumbers=\count267
\quotelinenumbersep=\dimen145
\bframerule=\dimen146
\bframesep=\dimen147
\bframebox=\box52
LaTeX Info: Redefining \\ on input line 3180.
) (C:\Users\SIJUKSWAMY\AppData\Local\Programs\MKTeX\tex/latex/tools\indentfirst.sty
Package: indentfirst 2023/07/02 v1.03 Indent first paragraph (DPC)
) (C:\Users\SIJUKSWAMY\AppData\Local\Programs\MKTeX\tex/latex/ragged2e\ragged2e.sty
Package: ragged2e 2023/06/22 v3.6 ragged2e Package
\CenteringLeftskip=\skip49
\RaggedLeftLeftskip=\skip50
\RaggedRightLeftskip=\skip51
\CenteringRightskip=\skip52
\RaggedLeftRightskip=\skip53
\RaggedRightRightskip=\skip54
\CenteringParfillskip=\skip55
\RaggedLeftParfillskip=\skip56
\RaggedRightParfillskip=\skip57
\JustifyingParfillskip=\skip58
\CenteringParindent=\skip59
\RaggedLeftParindent=\skip60
\RaggedRightParindent=\skip61
\JustifyingParindent=\skip62
) (C:\Users\SIJUKSWAMY\AppData\Local\Programs\MKTeX\tex/latex/graphics\rotating.sty
Package: rotating 2016/08/11 v2.16d rotated objects in LaTeX
 (C:\Users\SIJUKSWAMY\AppData\Local\Programs\MKTeX\tex/latex/base\ifthen.sty
Package: ifthen 2024/03/16 v1.1e Standard LaTeX ifthen package (DPC)
)
\c@r@tfl@t=\count268
\rotFPtop=\skip63
\rotFPbot=\skip64
\rot@float@box=\box53
\rot@mess@toks=\toks19
)
\draftskip=\count269
\c@section=\count270
\c@subsection=\count271
\c@subsubsection=\count272
\c@paragraph=\count273
\c@subparagraph=\count274
\c@figure=\count275
\c@table=\count276
\abovecaptionskip=\skip65
\belowcaptionskip=\skip66
\c@appendnum=\count277
\bibindent=\dimen148
 (C:\Users\SIJUKSWAMY\AppData\Local\Programs\MKTeX\tex/latex/apacite\apacite.sty
Package: apacite 2013/07/21 v6.03 APA citation
\c@BibCnt=\count278
\bibleftmargin=\skip67
\bibindent=\skip68
\bibparsep=\skip69
\bibitemsep=\skip70
\biblabelsep=\skip71
)) (C:\Users\SIJUKSWAMY\AppData\Local\Programs\MKTeX\tex/latex/amsmath\amsmath.sty
Package: amsmath 2024/05/23 v2.17q AMS math features
\@mathmargin=\skip72

For additional information on amsmath, use the `?' option.
(C:\Users\SIJUKSWAMY\AppData\Local\Programs\MKTeX\tex/latex/amsmath\amstext.sty
Package: amstext 2021/08/26 v2.01 AMS text
 (C:\Users\SIJUKSWAMY\AppData\Local\Programs\MKTeX\tex/latex/amsmath\amsgen.sty
File: amsgen.sty 1999/11/30 v2.0 generic functions
\@emptytoks=\toks20
\ex@=\dimen149
)) (C:\Users\SIJUKSWAMY\AppData\Local\Programs\MKTeX\tex/latex/amsmath\amsbsy.sty
Package: amsbsy 1999/11/29 v1.2d Bold Symbols
\pmbraise@=\dimen150
) (C:\Users\SIJUKSWAMY\AppData\Local\Programs\MKTeX\tex/latex/amsmath\amsopn.sty
Package: amsopn 2022/04/08 v2.04 operator names
)
\inf@bad=\count279
LaTeX Info: Redefining \frac on input line 233.
\uproot@=\count280
\leftroot@=\count281
LaTeX Info: Redefining \overline on input line 398.
LaTeX Info: Redefining \colon on input line 409.
\classnum@=\count282
\DOTSCASE@=\count283
LaTeX Info: Redefining \ldots on input line 495.
LaTeX Info: Redefining \dots on input line 498.
LaTeX Info: Redefining \cdots on input line 619.
\Mathstrutbox@=\box54
\strutbox@=\box55
LaTeX Info: Redefining \big on input line 721.
LaTeX Info: Redefining \Big on input line 722.
LaTeX Info: Redefining \bigg on input line 723.
LaTeX Info: Redefining \Bigg on input line 724.
\big@size=\dimen151
LaTeX Font Info:    Redeclaring font encoding OML on input line 742.
LaTeX Font Info:    Redeclaring font encoding OMS on input line 743.
\macc@depth=\count284
LaTeX Info: Redefining \bmod on input line 904.
LaTeX Info: Redefining \pmod on input line 909.
LaTeX Info: Redefining \smash on input line 939.
LaTeX Info: Redefining \relbar on input line 969.
LaTeX Info: Redefining \Relbar on input line 970.
\c@MaxMatrixCols=\count285
\dotsspace@=\muskip18
\c@parentequation=\count286
\dspbrk@lvl=\count287
\tag@help=\toks21
\row@=\count288
\column@=\count289
\maxfields@=\count290
\andhelp@=\toks22
\eqnshift@=\dimen152
\alignsep@=\dimen153
\tagshift@=\dimen154
\tagwidth@=\dimen155
\totwidth@=\dimen156
\lineht@=\dimen157
\@envbody=\toks23
\multlinegap=\skip73
\multlinetaggap=\skip74
\mathdisplay@stack=\toks24
LaTeX Info: Redefining \[ on input line 2953.
LaTeX Info: Redefining \] on input line 2954.
)
\linenoamsmath@ams@eqpen=\count291
 (C:\Users\SIJUKSWAMY\AppData\Local\Programs\MKTeX\tex/latex/amsfonts\amssymb.sty
Package: amssymb 2013/01/14 v3.01 AMS font symbols
 (C:\Users\SIJUKSWAMY\AppData\Local\Programs\MKTeX\tex/latex/amsfonts\amsfonts.sty
Package: amsfonts 2013/01/14 v3.01 Basic AMSFonts support
\symAMSa=\mathgroup4
\symAMSb=\mathgroup5
LaTeX Font Info:    Redeclaring math symbol \hbar on input line 98.
LaTeX Font Info:    Overwriting math alphabet `\mathfrak' in version `bold'
(Font)                  U/euf/m/n --> U/euf/b/n on input line 106.
)) (C:\Users\SIJUKSWAMY\AppData\Local\Programs\MKTeX\tex/generic/iftex\iftex.sty
Package: iftex 2022/02/03 v1.0f TeX engine tests
) (C:\Users\SIJUKSWAMY\AppData\Local\Programs\MKTeX\tex/latex/base\fontenc.sty
Package: fontenc 2021/04/29 v2.0v Standard LaTeX package
) (C:\Users\SIJUKSWAMY\AppData\Local\Programs\MKTeX\tex/latex/base\inputenc.sty
Package: inputenc 2024/02/08 v1.3d Input encoding file
\inpenc@prehook=\toks25
\inpenc@posthook=\toks26
) (C:\Users\SIJUKSWAMY\AppData\Local\Programs\MKTeX\tex/latex/base\textcomp.sty
Package: textcomp 2024/04/24 v2.1b Standard LaTeX package
) (C:\Users\SIJUKSWAMY\AppData\Local\Programs\MKTeX\tex/latex/lm\lmodern.sty
Package: lmodern 2015/05/01 v1.6.1 Latin Modern Fonts
LaTeX Font Info:    Overwriting symbol font `operators' in version `normal'
(Font)                  OT1/cmr/m/n --> OT1/lmr/m/n on input line 22.
LaTeX Font Info:    Overwriting symbol font `letters' in version `normal'
(Font)                  OML/cmm/m/it --> OML/lmm/m/it on input line 23.
LaTeX Font Info:    Overwriting symbol font `symbols' in version `normal'
(Font)                  OMS/cmsy/m/n --> OMS/lmsy/m/n on input line 24.
LaTeX Font Info:    Overwriting symbol font `largesymbols' in version `normal'
(Font)                  OMX/cmex/m/n --> OMX/lmex/m/n on input line 25.
LaTeX Font Info:    Overwriting symbol font `operators' in version `bold'
(Font)                  OT1/cmr/bx/n --> OT1/lmr/bx/n on input line 26.
LaTeX Font Info:    Overwriting symbol font `letters' in version `bold'
(Font)                  OML/cmm/b/it --> OML/lmm/b/it on input line 27.
LaTeX Font Info:    Overwriting symbol font `symbols' in version `bold'
(Font)                  OMS/cmsy/b/n --> OMS/lmsy/b/n on input line 28.
LaTeX Font Info:    Overwriting symbol font `largesymbols' in version `bold'
(Font)                  OMX/cmex/m/n --> OMX/lmex/m/n on input line 29.
LaTeX Font Info:    Overwriting math alphabet `\mathbf' in version `normal'
(Font)                  OT1/cmr/bx/n --> OT1/lmr/bx/n on input line 31.
LaTeX Font Info:    Overwriting math alphabet `\mathsf' in version `normal'
(Font)                  OT1/cmss/m/n --> OT1/lmss/m/n on input line 32.
LaTeX Font Info:    Overwriting math alphabet `\mathit' in version `normal'
(Font)                  OT1/cmr/m/it --> OT1/lmr/m/it on input line 33.
LaTeX Font Info:    Overwriting math alphabet `\mathtt' in version `normal'
(Font)                  OT1/cmtt/m/n --> OT1/lmtt/m/n on input line 34.
LaTeX Font Info:    Overwriting math alphabet `\mathbf' in version `bold'
(Font)                  OT1/cmr/bx/n --> OT1/lmr/bx/n on input line 35.
LaTeX Font Info:    Overwriting math alphabet `\mathsf' in version `bold'
(Font)                  OT1/cmss/bx/n --> OT1/lmss/bx/n on input line 36.
LaTeX Font Info:    Overwriting math alphabet `\mathit' in version `bold'
(Font)                  OT1/cmr/bx/it --> OT1/lmr/bx/it on input line 37.
LaTeX Font Info:    Overwriting math alphabet `\mathtt' in version `bold'
(Font)                  OT1/cmtt/m/n --> OT1/lmtt/m/n on input line 38.
) (C:\Users\SIJUKSWAMY\AppData\Local\Programs\MKTeX\tex/latex/upquote\upquote.sty
Package: upquote 2012/04/19 v1.3 upright-quote and grave-accent glyphs in verbatim
) (C:\Users\SIJUKSWAMY\AppData\Local\Programs\MKTeX\tex/latex/microtype\microtype.sty
Package: microtype 2024/03/29 v3.1b Micro-typographical refinements (RS)
\MT@toks=\toks27
\MT@tempbox=\box56
\MT@count=\count292
LaTeX Info: Redefining \noprotrusionifhmode on input line 1061.
LaTeX Info: Redefining \leftprotrusion on input line 1062.
\MT@prot@toks=\toks28
LaTeX Info: Redefining \rightprotrusion on input line 1081.
LaTeX Info: Redefining \textls on input line 1392.
\MT@outer@kern=\dimen158
LaTeX Info: Redefining \textmicrotypecontext on input line 2013.
\MT@listname@count=\count293
 (C:\Users\SIJUKSWAMY\AppData\Local\Programs\MKTeX\tex/latex/microtype\microtype-pdftex.def
File: microtype-pdftex.def 2024/03/29 v3.1b Definitions specific to pdftex (RS)
LaTeX Info: Redefining \lsstyle on input line 902.
LaTeX Info: Redefining \lslig on input line 902.
\MT@outer@space=\skip75
)
Package microtype Info: Loading configuration file microtype.cfg.
 (C:\Users\SIJUKSWAMY\AppData\Local\Programs\MKTeX\tex/latex/microtype\microtype.cfg
File: microtype.cfg 2024/03/29 v3.1b microtype main configuration file (RS)
)) (C:\Users\SIJUKSWAMY\AppData\Local\Programs\MKTeX\tex/latex/parskip\parskip.sty
Package: parskip 2021-03-14 v2.0h non-zero parskip adjustments
) (C:\Users\SIJUKSWAMY\AppData\Local\Programs\MKTeX\tex/latex/tools\longtable.sty
Package: longtable 2024-04-26 v4.20 Multi-page Table package (DPC)
\LTleft=\skip76
\LTright=\skip77
\LTpre=\skip78
\LTpost=\skip79
\LTchunksize=\count294
\LTcapwidth=\dimen159
\LT@head=\box57
\LT@firsthead=\box58
\LT@foot=\box59
\LT@lastfoot=\box60
\LT@gbox=\box61
\LT@cols=\count295
\LT@rows=\count296
\c@LT@tables=\count297
\c@LT@chunks=\count298
\LT@p@ftn=\toks29
) (C:\Users\SIJUKSWAMY\AppData\Local\Programs\MKTeX\tex/latex/booktabs\booktabs.sty
Package: booktabs 2020/01/12 v1.61803398 Publication quality tables
\heavyrulewidth=\dimen160
\lightrulewidth=\dimen161
\cmidrulewidth=\dimen162
\belowrulesep=\dimen163
\belowbottomsep=\dimen164
\aboverulesep=\dimen165
\abovetopsep=\dimen166
\cmidrulesep=\dimen167
\cmidrulekern=\dimen168
\defaultaddspace=\dimen169
\@cmidla=\count299
\@cmidlb=\count300
\@aboverulesep=\dimen170
\@belowrulesep=\dimen171
\@thisruleclass=\count301
\@lastruleclass=\count302
\@thisrulewidth=\dimen172
) (C:\Users\SIJUKSWAMY\AppData\Local\Programs\MKTeX\tex/latex/tools\array.sty
Package: array 2024/06/14 v2.6d Tabular extension package (FMi)
\col@sep=\dimen173
\ar@mcellbox=\box62
\extrarowheight=\dimen174
\NC@list=\toks30
\extratabsurround=\skip80
\backup@length=\skip81
\ar@cellbox=\box63
) (C:\Users\SIJUKSWAMY\AppData\Local\Programs\MKTeX\tex/latex/tools\calc.sty
Package: calc 2023/07/08 v4.3 Infix arithmetic (KKT,FJ)
\calc@Acount=\count303
\calc@Bcount=\count304
\calc@Adimen=\dimen175
\calc@Bdimen=\dimen176
\calc@Askip=\skip82
\calc@Bskip=\skip83
LaTeX Info: Redefining \setlength on input line 80.
LaTeX Info: Redefining \addtolength on input line 81.
\calc@Ccount=\count305
\calc@Cskip=\skip84
) (C:\Users\SIJUKSWAMY\AppData\Local\Programs\MKTeX\tex/latex/footnotehyper\footnotehyper.sty
Package: footnotehyper 2021/08/13 v1.1e hyperref aware footnote.sty (JFB)
\FNH@notes=\box64
\FNH@width=\dimen177
\FNH@toks=\toks31
)
\cslhangindent=\skip85
\csllabelwidth=\skip86
 (C:\Users\SIJUKSWAMY\AppData\Local\Programs\MKTeX\tex/latex/mathtools\mathtools.sty
Package: mathtools 2024/03/11 v1.30 mathematical typesetting tools
 (C:\Users\SIJUKSWAMY\AppData\Local\Programs\MKTeX\tex/latex/mathtools\mhsetup.sty
Package: mhsetup 2021/03/18 v1.4 programming setup (MH)
)
\g_MT_multlinerow_int=\count306
\l_MT_multwidth_dim=\dimen178
\origjot=\skip87
\l_MT_shortvdotswithinadjustabove_dim=\dimen179
\l_MT_shortvdotswithinadjustbelow_dim=\dimen180
\l_MT_above_intertext_sep=\dimen181
\l_MT_below_intertext_sep=\dimen182
\l_MT_above_shortintertext_sep=\dimen183
\l_MT_below_shortintertext_sep=\dimen184
\xmathstrut@box=\box65
\xmathstrut@dim=\dimen185
) (trackchanges.sty
Package: trackchanges 2009/04/22 v0.7.0 TrackChanges file 
 (C:\Users\SIJUKSWAMY\AppData\Local\Programs\MKTeX\tex/generic/soul\soul.sty
Package: soul 2023-06-14 v3.1 Permit use of UTF-8 characters in soul (HO)
 (C:\Users\SIJUKSWAMY\AppData\Local\Programs\MKTeX\tex/generic/soul\soul-ori.sty
Package: soul-ori 2023-06-14 v3.1 letterspacing/underlining (mf)
\SOUL@word=\toks32
\SOUL@lasttoken=\toks33
\SOUL@syllable=\toks34
\SOUL@cmds=\toks35
\SOUL@buffer=\toks36
\SOUL@token=\toks37
\SOUL@syllgoal=\dimen186
\SOUL@syllwidth=\dimen187
\SOUL@charkern=\dimen188
\SOUL@hyphkern=\dimen189
\SOUL@dimen=\dimen190
\SOUL@dimeni=\dimen191
\SOUL@minus=\count307
\SOUL@comma=\count308
\SOUL@apo=\count309
\SOUL@grave=\count310
\SOUL@spaceskip=\skip88
\SOUL@ttwidth=\dimen192
\SOUL@uldp=\dimen193
\SOUL@ulht=\dimen194
) (C:\Users\SIJUKSWAMY\AppData\Local\Programs\MKTeX\tex/generic/infwarerr\infwarerr.sty
Package: infwarerr 2019/12/03 v1.5 Providing info/warning/error messages (HO)
) (C:\Users\SIJUKSWAMY\AppData\Local\Programs\MKTeX\tex/generic/etexcmds\etexcmds.sty
Package: etexcmds 2019/12/15 v1.7 Avoid name clashes with e-TeX commands (HO)
)) (C:\Users\SIJUKSWAMY\AppData\Local\Programs\MKTeX\tex/latex/morefloats\morefloats.sty
Package: morefloats 2015/07/22 v1.0h Raise limit of unprocessed floats (HMM)
Package morefloats Info: Maximum number of possible floats asked for: 36
(morefloats)             (i.e. 18 more floats).
(morefloats)             LaTeX might run out of memory before this
(morefloats)             (in which case it will notify you).
)
\c@userid=\count311
\c@changenumber=\count312
\c@storefootnote=\count313
\c@numeditors=\count314
\c@maxeditors=\count315
) (C:\Users\SIJUKSWAMY\AppData\Local\Programs\MKTeX\tex/latex/tcolorbox\tcolorbox.sty
Package: tcolorbox 2024/07/10 version 6.3.0 text color boxes
 (C:\Users\SIJUKSWAMY\AppData\Local\Programs\MKTeX\tex/latex/pgf/frontendlayer\tikz.sty (C:\Users\SIJUKSWAMY\AppData\Local\Programs\MKTeX\tex/latex/pgf/basiclayer\pgf.sty (C:\Users\SIJUKSWAMY\AppData\Local\Programs\MKTeX\tex/latex/pgf/utilities\pgfrcs.sty (C:\Users\SIJUKSWAMY\AppData\Local\Programs\MKTeX\tex/generic/pgf/utilities\pgfutil-common.tex
\pgfutil@everybye=\toks38
\pgfutil@tempdima=\dimen195
\pgfutil@tempdimb=\dimen196
) (C:\Users\SIJUKSWAMY\AppData\Local\Programs\MKTeX\tex/generic/pgf/utilities\pgfutil-latex.def
\pgfutil@abb=\box66
) (C:\Users\SIJUKSWAMY\AppData\Local\Programs\MKTeX\tex/generic/pgf/utilities\pgfrcs.code.tex (C:\Users\SIJUKSWAMY\AppData\Local\Programs\MKTeX\tex/generic/pgf\pgf.revision.tex)
Package: pgfrcs 2023-01-15 v3.1.10 (3.1.10)
))
Package: pgf 2023-01-15 v3.1.10 (3.1.10)
 (C:\Users\SIJUKSWAMY\AppData\Local\Programs\MKTeX\tex/latex/pgf/basiclayer\pgfcore.sty (C:\Users\SIJUKSWAMY\AppData\Local\Programs\MKTeX\tex/latex/pgf/systemlayer\pgfsys.sty (C:\Users\SIJUKSWAMY\AppData\Local\Programs\MKTeX\tex/generic/pgf/systemlayer\pgfsys.code.tex
Package: pgfsys 2023-01-15 v3.1.10 (3.1.10)
 (C:\Users\SIJUKSWAMY\AppData\Local\Programs\MKTeX\tex/generic/pgf/utilities\pgfkeys.code.tex
\pgfkeys@pathtoks=\toks39
\pgfkeys@temptoks=\toks40
 (C:\Users\SIJUKSWAMY\AppData\Local\Programs\MKTeX\tex/generic/pgf/utilities\pgfkeyslibraryfiltered.code.tex
\pgfkeys@tmptoks=\toks41
))
\pgf@x=\dimen197
\pgf@y=\dimen198
\pgf@xa=\dimen199
\pgf@ya=\dimen256
\pgf@xb=\dimen257
\pgf@yb=\dimen258
\pgf@xc=\dimen259
\pgf@yc=\dimen260
\pgf@xd=\dimen261
\pgf@yd=\dimen262
\w@pgf@writea=\write3
\r@pgf@reada=\read2
\c@pgf@counta=\count316
\c@pgf@countb=\count317
\c@pgf@countc=\count318
\c@pgf@countd=\count319
\t@pgf@toka=\toks42
\t@pgf@tokb=\toks43
\t@pgf@tokc=\toks44
\pgf@sys@id@count=\count320
 (C:\Users\SIJUKSWAMY\AppData\Local\Programs\MKTeX\tex/generic/pgf/systemlayer\pgf.cfg
File: pgf.cfg 2023-01-15 v3.1.10 (3.1.10)
)
Driver file for pgf: pgfsys-pdftex.def
 (C:\Users\SIJUKSWAMY\AppData\Local\Programs\MKTeX\tex/generic/pgf/systemlayer\pgfsys-pdftex.def
File: pgfsys-pdftex.def 2023-01-15 v3.1.10 (3.1.10)
 (C:\Users\SIJUKSWAMY\AppData\Local\Programs\MKTeX\tex/generic/pgf/systemlayer\pgfsys-common-pdf.def
File: pgfsys-common-pdf.def 2023-01-15 v3.1.10 (3.1.10)
))) (C:\Users\SIJUKSWAMY\AppData\Local\Programs\MKTeX\tex/generic/pgf/systemlayer\pgfsyssoftpath.code.tex
File: pgfsyssoftpath.code.tex 2023-01-15 v3.1.10 (3.1.10)
\pgfsyssoftpath@smallbuffer@items=\count321
\pgfsyssoftpath@bigbuffer@items=\count322
) (C:\Users\SIJUKSWAMY\AppData\Local\Programs\MKTeX\tex/generic/pgf/systemlayer\pgfsysprotocol.code.tex
File: pgfsysprotocol.code.tex 2023-01-15 v3.1.10 (3.1.10)
)) (C:\Users\SIJUKSWAMY\AppData\Local\Programs\MKTeX\tex/generic/pgf/basiclayer\pgfcore.code.tex
Package: pgfcore 2023-01-15 v3.1.10 (3.1.10)
 (C:\Users\SIJUKSWAMY\AppData\Local\Programs\MKTeX\tex/generic/pgf/math\pgfmath.code.tex (C:\Users\SIJUKSWAMY\AppData\Local\Programs\MKTeX\tex/generic/pgf/math\pgfmathutil.code.tex) (C:\Users\SIJUKSWAMY\AppData\Local\Programs\MKTeX\tex/generic/pgf/math\pgfmathparser.code.tex
\pgfmath@dimen=\dimen263
\pgfmath@count=\count323
\pgfmath@box=\box67
\pgfmath@toks=\toks45
\pgfmath@stack@operand=\toks46
\pgfmath@stack@operation=\toks47
) (C:\Users\SIJUKSWAMY\AppData\Local\Programs\MKTeX\tex/generic/pgf/math\pgfmathfunctions.code.tex) (C:\Users\SIJUKSWAMY\AppData\Local\Programs\MKTeX\tex/generic/pgf/math\pgfmathfunctions.basic.code.tex) (C:\Users\SIJUKSWAMY\AppData\Local\Programs\MKTeX\tex/generic/pgf/math\pgfmathfunctions.trigonometric.code.tex) (C:\Users\SIJUKSWAMY\AppData\Local\Programs\MKTeX\tex/generic/pgf/math\pgfmathfunctions.random.code.tex) (C:\Users\SIJUKSWAMY\AppData\Local\Programs\MKTeX\tex/generic/pgf/math\pgfmathfunctions.comparison.code.tex) (C:\Users\SIJUKSWAMY\AppData\Local\Programs\MKTeX\tex/generic/pgf/math\pgfmathfunctions.base.code.tex) (C:\Users\SIJUKSWAMY\AppData\Local\Programs\MKTeX\tex/generic/pgf/math\pgfmathfunctions.round.code.tex) (C:\Users\SIJUKSWAMY\AppData\Local\Programs\MKTeX\tex/generic/pgf/math\pgfmathfunctions.misc.code.tex) (C:\Users\SIJUKSWAMY\AppData\Local\Programs\MKTeX\tex/generic/pgf/math\pgfmathfunctions.integerarithmetics.code.tex) (C:\Users\SIJUKSWAMY\AppData\Local\Programs\MKTeX\tex/generic/pgf/math\pgfmathcalc.code.tex) (C:\Users\SIJUKSWAMY\AppData\Local\Programs\MKTeX\tex/generic/pgf/math\pgfmathfloat.code.tex
\c@pgfmathroundto@lastzeros=\count324
)) (C:\Users\SIJUKSWAMY\AppData\Local\Programs\MKTeX\tex/generic/pgf/math\pgfint.code.tex) (C:\Users\SIJUKSWAMY\AppData\Local\Programs\MKTeX\tex/generic/pgf/basiclayer\pgfcorepoints.code.tex
File: pgfcorepoints.code.tex 2023-01-15 v3.1.10 (3.1.10)
\pgf@picminx=\dimen264
\pgf@picmaxx=\dimen265
\pgf@picminy=\dimen266
\pgf@picmaxy=\dimen267
\pgf@pathminx=\dimen268
\pgf@pathmaxx=\dimen269
\pgf@pathminy=\dimen270
\pgf@pathmaxy=\dimen271
\pgf@xx=\dimen272
\pgf@xy=\dimen273
\pgf@yx=\dimen274
\pgf@yy=\dimen275
\pgf@zx=\dimen276
\pgf@zy=\dimen277
) (C:\Users\SIJUKSWAMY\AppData\Local\Programs\MKTeX\tex/generic/pgf/basiclayer\pgfcorepathconstruct.code.tex
File: pgfcorepathconstruct.code.tex 2023-01-15 v3.1.10 (3.1.10)
\pgf@path@lastx=\dimen278
\pgf@path@lasty=\dimen279
) (C:\Users\SIJUKSWAMY\AppData\Local\Programs\MKTeX\tex/generic/pgf/basiclayer\pgfcorepathusage.code.tex
File: pgfcorepathusage.code.tex 2023-01-15 v3.1.10 (3.1.10)
\pgf@shorten@end@additional=\dimen280
\pgf@shorten@start@additional=\dimen281
) (C:\Users\SIJUKSWAMY\AppData\Local\Programs\MKTeX\tex/generic/pgf/basiclayer\pgfcorescopes.code.tex
File: pgfcorescopes.code.tex 2023-01-15 v3.1.10 (3.1.10)
\pgfpic=\box68
\pgf@hbox=\box69
\pgf@layerbox@main=\box70
\pgf@picture@serial@count=\count325
) (C:\Users\SIJUKSWAMY\AppData\Local\Programs\MKTeX\tex/generic/pgf/basiclayer\pgfcoregraphicstate.code.tex
File: pgfcoregraphicstate.code.tex 2023-01-15 v3.1.10 (3.1.10)
\pgflinewidth=\dimen282
) (C:\Users\SIJUKSWAMY\AppData\Local\Programs\MKTeX\tex/generic/pgf/basiclayer\pgfcoretransformations.code.tex
File: pgfcoretransformations.code.tex 2023-01-15 v3.1.10 (3.1.10)
\pgf@pt@x=\dimen283
\pgf@pt@y=\dimen284
\pgf@pt@temp=\dimen285
) (C:\Users\SIJUKSWAMY\AppData\Local\Programs\MKTeX\tex/generic/pgf/basiclayer\pgfcorequick.code.tex
File: pgfcorequick.code.tex 2023-01-15 v3.1.10 (3.1.10)
) (C:\Users\SIJUKSWAMY\AppData\Local\Programs\MKTeX\tex/generic/pgf/basiclayer\pgfcoreobjects.code.tex
File: pgfcoreobjects.code.tex 2023-01-15 v3.1.10 (3.1.10)
) (C:\Users\SIJUKSWAMY\AppData\Local\Programs\MKTeX\tex/generic/pgf/basiclayer\pgfcorepathprocessing.code.tex
File: pgfcorepathprocessing.code.tex 2023-01-15 v3.1.10 (3.1.10)
) (C:\Users\SIJUKSWAMY\